<?xml version="1.1" encoding="UTF-8"?>
<testsuite name="deco2800.arcade.client.highscores.test.HighscoreClientTest" tests="2" failures="0" errors="0" timestamp="2013-09-27T06:35:21" hostname="x007-PC" time="0.011">
  <properties/>
  <testcase name="initTest1" classname="deco2800.arcade.client.highscores.test.HighscoreClientTest" time="0.011"/>
  <testcase name="initTest2" classname="deco2800.arcade.client.highscores.test.HighscoreClientTest" time="0.0"/>
  <system-out><![CDATA[]]></system-out>
  <system-err><![CDATA[]]></system-err>
</testsuite>
