<?xml version="1.1" encoding="UTF-8"?>
<testsuite name="deco2800.arcade.client.highscores.test.HighscoreClientTest" tests="2" failures="0" errors="0" timestamp="2013-09-27T04:05:54" hostname="Malvins-MacBook-Pro.local" time="0.0090">
  <properties/>
  <testcase name="initTest1" classname="deco2800.arcade.client.highscores.test.HighscoreClientTest" time="0.0080"/>
  <testcase name="initTest2" classname="deco2800.arcade.client.highscores.test.HighscoreClientTest" time="0.0"/>
  <system-out><![CDATA[]]></system-out>
  <system-err><![CDATA[]]></system-err>
</testsuite>
