<?xml version="1.1" encoding="UTF-8"?>
<testsuite name="deco2800.arcade.breakout.LifeTest" tests="1" failures="0" errors="0" timestamp="2013-09-27T06:35:24" hostname="x007-PC" time="0.002">
  <properties/>
  <testcase name="alwaysSuccessful" classname="deco2800.arcade.breakout.LifeTest" time="0.002"/>
  <system-out><![CDATA[]]></system-out>
  <system-err><![CDATA[]]></system-err>
</testsuite>
