<?xml version="1.1" encoding="UTF-8"?>
<testsuite name="deco2800.arcade.deerforest.DeckTest" tests="10" failures="0" errors="0" timestamp="2013-09-27T06:35:31" hostname="x007-PC" time="0.027">
  <properties/>
  <testcase name="searchCardTest" classname="deco2800.arcade.deerforest.DeckTest" time="0.001"/>
  <testcase name="destroyRandomTest" classname="deco2800.arcade.deerforest.DeckTest" time="0.016"/>
  <testcase name="initalStateTest" classname="deco2800.arcade.deerforest.DeckTest" time="0.0"/>
  <testcase name="drawTest" classname="deco2800.arcade.deerforest.DeckTest" time="0.0"/>
  <testcase name="moveCardTest" classname="deco2800.arcade.deerforest.DeckTest" time="0.0"/>
  <testcase name="cardsTest" classname="deco2800.arcade.deerforest.DeckTest" time="0.004"/>
  <testcase name="destroyCardsTest" classname="deco2800.arcade.deerforest.DeckTest" time="0.0"/>
  <testcase name="destroyCardTypeTest" classname="deco2800.arcade.deerforest.DeckTest" time="0.0"/>
  <testcase name="testBasicCollectionMethods" classname="deco2800.arcade.deerforest.DeckTest" time="0.0"/>
  <testcase name="shuffleTest" classname="deco2800.arcade.deerforest.DeckTest" time="0.001"/>
  <system-out><![CDATA[[Type: Water, Health: 100, Attack: 20, Type: Fire, Health: 100, Attack: 20, Type: Dark, Health: 100, Attack: 20]
]]></system-out>
  <system-err><![CDATA[]]></system-err>
</testsuite>
