<?xml version="1.1" encoding="UTF-8"?>
<testsuite name="deco2800.arcade.deerforest.FieldTest" tests="6" failures="0" errors="0" timestamp="2013-09-27T04:06:03" hostname="Malvins-MacBook-Pro.local" time="0.0070">
  <properties/>
  <testcase name="TestContainsAll" classname="deco2800.arcade.deerforest.FieldTest" time="0.0040"/>
  <testcase name="testAdd" classname="deco2800.arcade.deerforest.FieldTest" time="0.0"/>
  <testcase name="TestIsFull" classname="deco2800.arcade.deerforest.FieldTest" time="0.0"/>
  <testcase name="TestRemove" classname="deco2800.arcade.deerforest.FieldTest" time="0.0"/>
  <testcase name="TestContains" classname="deco2800.arcade.deerforest.FieldTest" time="0.0"/>
  <testcase name="testIsEmpty" classname="deco2800.arcade.deerforest.FieldTest" time="0.0"/>
  <system-out><![CDATA[]]></system-out>
  <system-err><![CDATA[]]></system-err>
</testsuite>
