<?xml version="1.1" encoding="UTF-8"?>
<testsuite name="deco2800.arcade.deerforest.EffectTestSuite" tests="3" failures="0" errors="0" timestamp="2013-09-27T04:06:03" hostname="Malvins-MacBook-Pro.local" time="0.015">
  <properties/>
  <testcase name="testLowerBoundaryAttack" classname="deco2800.arcade.deerforest.EffectTestSuite" time="0.014"/>
  <testcase name="equalsTest" classname="deco2800.arcade.deerforest.EffectTestSuite" time="0.0"/>
  <testcase name="testUpperBoundaryAttack" classname="deco2800.arcade.deerforest.EffectTestSuite" time="0.0"/>
  <system-out><![CDATA[]]></system-out>
  <system-err><![CDATA[]]></system-err>
</testsuite>
