<?xml version="1.1" encoding="UTF-8"?>
<testsuite name="deco2800.arcade.deerforest.CardCollectionListTest" tests="6" failures="0" errors="0" timestamp="2013-09-27T06:35:31" hostname="x007-PC" time="0.033">
  <properties/>
  <testcase name="destroyRandomTest" classname="deco2800.arcade.deerforest.CardCollectionListTest" time="0.03"/>
  <testcase name="initalStateTest" classname="deco2800.arcade.deerforest.CardCollectionListTest" time="0.001"/>
  <testcase name="moveCardTest" classname="deco2800.arcade.deerforest.CardCollectionListTest" time="0.0"/>
  <testcase name="cardsTest" classname="deco2800.arcade.deerforest.CardCollectionListTest" time="0.001"/>
  <testcase name="destroyCardsTest" classname="deco2800.arcade.deerforest.CardCollectionListTest" time="0.0"/>
  <testcase name="testBasicCollectionMethods" classname="deco2800.arcade.deerforest.CardCollectionListTest" time="0.0"/>
  <system-out><![CDATA[]]></system-out>
  <system-err><![CDATA[]]></system-err>
</testsuite>
