<?xml version="1.1" encoding="UTF-8"?>
<testsuite name="deco2800.arcade.utils.KeyManagerTest" tests="4" failures="0" errors="0" timestamp="2013-09-16T03:01:28" hostname="Malvins-MacBook-Pro.local" time="0.0020">
  <properties/>
  <testcase name="invalidateMappedKey" classname="deco2800.arcade.utils.KeyManagerTest" time="0.0010"/>
  <testcase name="initWithMapping" classname="deco2800.arcade.utils.KeyManagerTest" time="0.0"/>
  <testcase name="initWithNull" classname="deco2800.arcade.utils.KeyManagerTest" time="0.0"/>
  <testcase name="unmappedKey" classname="deco2800.arcade.utils.KeyManagerTest" time="0.0"/>
  <system-out><![CDATA[]]></system-out>
  <system-err><![CDATA[]]></system-err>
</testsuite>
