<?xml version="1.1" encoding="UTF-8"?>
<testsuite name="deco2800.arcade.mixmaze.domain.BrickModelTest" tests="11" failures="0" errors="0" timestamp="2013-09-27T06:35:35" hostname="x007-PC" time="0.329">
  <properties/>
  <testcase name="brickAmountOutOfRange" classname="deco2800.arcade.mixmaze.domain.BrickModelTest" time="0.318"/>
  <testcase name="removeAmount" classname="deco2800.arcade.mixmaze.domain.BrickModelTest" time="0.001"/>
  <testcase name="removeOneInvalid" classname="deco2800.arcade.mixmaze.domain.BrickModelTest" time="0.001"/>
  <testcase name="setAmountInvalid" classname="deco2800.arcade.mixmaze.domain.BrickModelTest" time="0.001"/>
  <testcase name="brickNullTile" classname="deco2800.arcade.mixmaze.domain.BrickModelTest" time="0.001"/>
  <testcase name="addAmount" classname="deco2800.arcade.mixmaze.domain.BrickModelTest" time="0.001"/>
  <testcase name="setAmount" classname="deco2800.arcade.mixmaze.domain.BrickModelTest" time="0.001"/>
  <testcase name="removeOne" classname="deco2800.arcade.mixmaze.domain.BrickModelTest" time="0.0"/>
  <testcase name="initializeBrickModel" classname="deco2800.arcade.mixmaze.domain.BrickModelTest" time="0.0"/>
  <testcase name="addAmountInvalid" classname="deco2800.arcade.mixmaze.domain.BrickModelTest" time="0.0"/>
  <testcase name="removeAmountInvalid" classname="deco2800.arcade.mixmaze.domain.BrickModelTest" time="0.001"/>
  <system-out><![CDATA[]]></system-out>
  <system-err><![CDATA[]]></system-err>
</testsuite>
