<?xml version="1.1" encoding="UTF-8"?>
<testsuite name="deco2800.arcade.mixmaze.domain.WallModelTest" tests="4" failures="0" errors="0" timestamp="2013-09-27T06:35:35" hostname="x007-PC" time="0.019">
  <properties/>
  <testcase name="destroyWall" classname="deco2800.arcade.mixmaze.domain.WallModelTest" time="0.016"/>
  <testcase name="buildWall" classname="deco2800.arcade.mixmaze.domain.WallModelTest" time="0.001"/>
  <testcase name="wallDirectionOutOfRange" classname="deco2800.arcade.mixmaze.domain.WallModelTest" time="0.001"/>
  <testcase name="wallInitialization" classname="deco2800.arcade.mixmaze.domain.WallModelTest" time="0.001"/>
  <system-out><![CDATA[]]></system-out>
  <system-err><![CDATA[]]></system-err>
</testsuite>
