<?xml version="1.1" encoding="UTF-8"?>
<testsuite name="deco2800.arcade.mixmaze.domain.WallModelTest" tests="4" failures="0" errors="0" timestamp="2013-09-27T04:06:07" hostname="Malvins-MacBook-Pro.local" time="0.023">
  <properties/>
  <testcase name="destroyWall" classname="deco2800.arcade.mixmaze.domain.WallModelTest" time="0.02"/>
  <testcase name="buildWall" classname="deco2800.arcade.mixmaze.domain.WallModelTest" time="0.0010"/>
  <testcase name="wallDirectionOutOfRange" classname="deco2800.arcade.mixmaze.domain.WallModelTest" time="0.0010"/>
  <testcase name="wallInitialization" classname="deco2800.arcade.mixmaze.domain.WallModelTest" time="0.0010"/>
  <system-out><![CDATA[]]></system-out>
  <system-err><![CDATA[]]></system-err>
</testsuite>
