<?xml version="1.1" encoding="UTF-8"?>
<testsuite name="deco2800.arcade.packman.test.packmanTest" tests="1" failures="0" errors="0" timestamp="2013-09-27T06:35:38" hostname="x007-PC" time="0.002">
  <properties/>
  <testcase name="test1" classname="deco2800.arcade.packman.test.packmanTest" time="0.002"/>
  <system-out><![CDATA[]]></system-out>
  <system-err><![CDATA[]]></system-err>
</testsuite>
